<?xml version="1.0" encoding="UTF-8"?>
<!-- Generated by org.testng.reporters.JUnitReportReporter -->
<testsuite skipped="0" hostname="LAPTOP-NG2644BP" name="testNGTest.VerifyAllTopButtons" tests="1" failures="0" timestamp="2020-05-05T01:36:07 EDT" time="29.180" errors="0">
  <testcase name="clickAll" time="29.180" classname="testNGTest.VerifyAllTopButtons"/>
  <system-out/>
</testsuite> <!-- testNGTest.VerifyAllTopButtons -->
