<?xml version="1.0" encoding="UTF-8"?>
<!-- Generated by org.testng.reporters.JUnitReportReporter -->
<testsuite skipped="0" hostname="LAPTOP-NG2644BP" name="testNGTest.VerifyWindows" tests="1" failures="0" timestamp="2020-05-05T01:29:11 EDT" time="27.645" errors="0">
  <testcase name="alternateWayToHandleWindows" time="27.645" classname="testNGTest.VerifyWindows"/>
  <system-out/>
</testsuite> <!-- testNGTest.VerifyWindows -->
