<?xml version="1.0" encoding="UTF-8"?>
<!-- Generated by org.testng.reporters.JUnitReportReporter -->
<testsuite skipped="0" hostname="LAPTOP-NG2644BP" name="mainFunction.MainDriver" tests="1" failures="0" timestamp="2020-04-30T23:28:09 EDT" time="7.664" errors="0">
  <testcase name="run" time="7.664" classname="mainFunction.MainDriver"/>
  <system-out/>
</testsuite> <!-- mainFunction.MainDriver -->
