<?xml version="1.0" encoding="UTF-8"?>
<!-- Generated by org.testng.reporters.JUnitReportReporter -->
<testsuite skipped="0" hostname="LAPTOP-NG2644BP" name="testNGTest.VerifyRadioButton" tests="1" failures="0" timestamp="2020-05-04T21:47:36 EDT" time="28.740" errors="0">
  <testcase name="checkAllCars" time="28.740" classname="testNGTest.VerifyRadioButton"/>
  <system-out/>
</testsuite> <!-- testNGTest.VerifyRadioButton -->
