<?xml version="1.0" encoding="UTF-8"?>
<!-- Generated by org.testng.reporters.JUnitReportReporter -->
<testsuite name="mainFunction.MainDriver" tests="1" time="10.020" ignored="0" failures="0" timestamp="28 Apr 2020 01:25:56 GMT" skipped="0" hostname="LAPTOP-NG2644BP" errors="0">
  <testcase name="selectBrowser" time="10.020" classname="mainFunction.MainDriver"/>
</testsuite> <!-- mainFunction.MainDriver -->
